Build started 11/06/2012 13:38:46.
     1>Project "C:\work\P300Extender\GameClient\GameClient.vcxproj" on node 2 (build target(s)).
     1>InitializeBuildStatus:
         Creating "Debug\GameClient.unsuccessfulbuild" because "AlwaysCreate" was specified.
       ClCompile:
         All outputs are up-to-date.
       ManifestResourceCompile:
         All outputs are up-to-date.
       Link:
         All outputs are up-to-date.
         c:\Program Files\Microsoft Visual Studio 10.0\VC\bin\link.exe /ERRORREPORT:PROMPT /OUT:"C:\work\P300Extender\GameClient\Bin\GameClient.exe" /INCREMENTAL /NOLOGO kernel32.lib user32.lib gdi32.lib winspool.lib comdlg32.lib advapi32.lib shell32.lib ole32.lib oleaut32.lib uuid.lib odbc32.lib odbccp32.lib /MANIFEST /ManifestFile:"Debug\GameClient.exe.intermediate.manifest" /MANIFESTUAC:"level='asInvoker' uiAccess='false'" /DEBUG /PDB:"C:\work\P300Extender\GameClient\Bin\GameClient.pdb" /SUBSYSTEM:CONSOLE /TLBID:1 /DYNAMICBASE /NXCOMPAT /IMPLIB:"C:\work\P300Extender\GameClient\Bin\GameClient.lib" /MACHINE:X86 Debug\GameClient.exe.embed.manifest.res
         Debug\GameClient.obj
         Debug\OVComm.obj
         Debug\ParallelPort.obj
         Debug\stdafx.obj
       Manifest:
         c:\Program Files\Microsoft SDKs\Windows\v7.0A\bin\mt.exe /nologo /verbose /out:"Debug\GameClient.exe.embed.manifest" /manifest Debug\GameClient.exe.intermediate.manifest
         All outputs are up-to-date.
       LinkEmbedManifest:
         All outputs are up-to-date.
         GameClient.vcxproj -> C:\work\P300Extender\GameClient\Bin\GameClient.exe
       FinalizeBuildStatus:
         Deleting file "Debug\GameClient.unsuccessfulbuild".
         Touching "Debug\GameClient.lastbuildstate".
     1>Done Building Project "C:\work\P300Extender\GameClient\GameClient.vcxproj" (build target(s)).

Build succeeded.

Time Elapsed 00:00:00.34
